Arguments: 
  C:\Program Files\nodejs\node.exe C:\Program Files (x86)\Yarn\bin\yarn.js add --dev jest-puppeteer

PATH: 
  C:\Program Files (x86)\Common Files\Oracle\Java\javapath;C:\apache-maven-3.6.3\bin;C:\Program Files\nodejs;C:\Program Files (x86)\Java\jdk1.8.0_66\bin;C:\Program Files (x86)\Yarn\bin\;C:\Python27;C:\Python27\Scripts;C:\Program Files\Git\cmd;C:\Program Files\Docker\Docker\resources\bin;C:\ProgramData\DockerDesktop\version-bin;C:\WINDOWS\system32;C:\WINDOWS;C:\WINDOWS\System32\Wbem;C:\WINDOWS\System32\WindowsPowerShell\v1.0\;C:\WINDOWS\System32\OpenSSH\;C:\Users\yotama\AppData\Local\Microsoft\WindowsApps;C:\Users\yotama\AppData\Local\Programs\Microsoft VS Code\bin;C:\Users\yotama\AppData\Local\Programs\Fiddler;C:\Users\yotama\AppData\Local\Microsoft\WindowsApps;C:\Users\yotama\AppData\Local\Yarn\bin;C:\Users\yotama\AppData\Roaming\npm;C:\Windows\System32\wbem;C:\WINDOWS\system32\WindowsPowerShell\v1.0;

Yarn version: 
  1.21.1

Node version: 
  10.16.0

Platform: 
  win32 x64

Trace: 
  Error: getaddrinfo ENOTFOUND registry.npmjs.org registry.npmjs.org:443
      at GetAddrInfoReqWrap.onlookup [as oncomplete] (dns.js:56:26)

npm manifest: 
  {
    "name": "angular-jump-start",
    "version": "0.0.0",
    "license": "MIT",
    "scripts": {
      "ng": "ng",
      "start": "node server.js",
      "build": "ng build",
      "test": "ng test",
      "lint": "ng lint",
      "e2e": "ng e2e",
      "cypress": "concurrently \"npm start\" \"cypress open\"",
      "cypress:headless": "concurrently \"npm start\" \"cypress run\"",
      "playground": "angular-playground",
      "postinstall": "ngcc"
    },
    "dependencies": {
      "@angular/animations": "~10.0.0",
      "@angular/common": "~10.0.0",
      "@angular/compiler": "~10.0.0",
      "@angular/core": "~10.0.0",
      "@angular/forms": "~10.0.0",
      "@angular/platform-browser": "~10.0.0",
      "@angular/platform-browser-dynamic": "~10.0.0",
      "@angular/router": "~10.0.0",
      "body-parser": "^1.19.0",
      "core-js": "^2.5.4",
      "express": "^4.17.1",
      "puppeteer": "^5.2.1",
      "puppeteer-core": "^5.2.1",
      "rxjs": "~6.6.2",
      "tslib": "^2.0.0",
      "zone.js": "~0.10.3"
    },
    "devDependencies": {
      "@angular-devkit/build-angular": "~0.1000.0",
      "@angular/cli": "~10.0.0",
      "@angular/compiler-cli": "~10.0.0",
      "@angular/language-service": "~10.0.0",
      "@types/googlemaps": "3.39.2",
      "@types/jasmine": "~2.8.8",
      "@types/jasminewd2": "~2.0.3",
      "@types/node": "^12.11.1",
      "angular-playground": "^7.0.3",
      "codelyzer": "^5.1.2",
      "concurrently": "^5.1.0",
      "jasmine-core": "~3.5.0",
      "jasmine-spec-reporter": "~5.0.0",
      "karma": "~5.0.0",
      "karma-chrome-launcher": "~3.1.0",
      "karma-coverage-istanbul-reporter": "~3.0.2",
      "karma-jasmine": "~3.3.0",
      "karma-jasmine-html-reporter": "^1.5.0",
      "protractor": "~7.0.0",
      "ts-node": "~7.0.0",
      "tslint": "~6.1.0",
      "typescript": "~3.9.5"
    },
    "optionalDependencies": {
      "cypress": "^4.12.0",
      "@bahmutov/add-typescript-to-cypress": "^2.1.2"
    }
  }

yarn manifest: 
  No manifest

Lockfile: 
  No lockfile
